[INFO] 23:00:36:585 Servidor/(20642:20642): Servidor listo para recibir al cliente
[INFO] 23:00:36:585 Servidor/(20642:20642): Se rechazó un cliente!
[ERROR] 23:00:36:585 Servidor/(20642:20642): el cliente se desconecto. Terminando servidor
[INFO] 23:02:12:187 Servidor/(20848:20848): Servidor listo para recibir al cliente
[INFO] 23:02:12:187 Servidor/(20848:20848): Se rechazó un cliente!
[ERROR] 23:02:12:187 Servidor/(20848:20848): el cliente se desconecto. Terminando servidor
[INFO] 23:04:59:858 Servidor/(21451:21451): Servidor listo para recibir al cliente
[INFO] 23:04:59:859 Servidor/(21451:21451): Se rechazó un cliente!
[ERROR] 23:04:59:859 Servidor/(21451:21451): el cliente se desconecto. Terminando servidor
[INFO] 23:05:26:524 Servidor/(21649:21649): Servidor listo para recibir al cliente
[INFO] 23:05:26:524 Servidor/(21649:21649): Se rechazó un cliente!
[ERROR] 23:05:26:524 Servidor/(21649:21649): el cliente se desconecto. Terminando servidor
[INFO] 23:05:56:394 Servidor/(21809:21809): Servidor listo para recibir al cliente
[INFO] 23:05:56:394 Servidor/(21809:21809): Se rechazó un cliente!
[ERROR] 23:05:56:394 Servidor/(21809:21809): el cliente se desconecto. Terminando servidor
[INFO] 23:06:56:436 Servidor/(21943:21943): Servidor listo para recibir al cliente
[INFO] 23:09:33:347 Servidor/(22256:22256): Servidor listo para recibir al cliente
[INFO] 23:09:33:347 Servidor/(22256:22256): Se rechazó un cliente!
[ERROR] 23:09:33:347 Servidor/(22256:22256): el cliente se desconecto. Terminando servidor
[INFO] 23:10:49:156 Servidor/(22768:22768): Servidor listo para recibir al cliente
[INFO] 23:10:49:156 Servidor/(22768:22768): Se rechazó un cliente!
[ERROR] 23:10:49:156 Servidor/(22768:22768): el cliente se desconecto. Terminando servidor
[INFO] 23:11:15:170 Servidor/(22895:22895): Servidor listo para recibir al cliente
[INFO] 23:11:15:170 Servidor/(22895:22895): Se rechazó un cliente!
[ERROR] 23:11:15:170 Servidor/(22895:22895): el cliente se desconecto. Terminando servidor
[INFO] 23:15:12:347 Servidor/(23211:23211): Servidor listo para recibir al cliente
[INFO] 23:15:12:347 Servidor/(23211:23211): Se rechazó un cliente!
[ERROR] 23:15:12:347 Servidor/(23211:23211): el cliente se desconecto. Terminando servidor
[INFO] 23:15:53:061 Servidor/(23340:23340): PASE POR ACA
[INFO] 23:15:53:061 Servidor/(23340:23340): Servidor listo para recibir al cliente
[INFO] 23:15:53:061 Servidor/(23340:23340): Se rechazó un cliente!
[ERROR] 23:15:53:061 Servidor/(23340:23340): el cliente se desconecto. Terminando servidor
[INFO] 23:16:12:537 Servidor/(23460:23460): PASE POR ACA
[INFO] 23:16:12:537 Servidor/(23460:23460): Servidor listo para recibir al cliente
[INFO] 23:16:12:537 Servidor/(23460:23460): Se rechazó un cliente!
[ERROR] 23:16:12:537 Servidor/(23460:23460): el cliente se desconecto. Terminando servidor
[INFO] 01:27:12:066 Servidor/(32151:32151): Servidor listo para recibir al cliente
[INFO] 01:27:12:067 Servidor/(32151:32151): Se rechazó un cliente!
[ERROR] 01:27:12:067 Servidor/(32151:32151): el cliente se desconecto. Terminando servidor
[INFO] 01:27:45:575 Servidor/(32301:32301): Servidor listo para recibir al cliente
[INFO] 01:29:02:965 Servidor/(32566:32566): Servidor listo para recibir al cliente
[INFO] 01:29:22:047 Servidor/(32846:32846): Servidor listo para recibir al cliente
[INFO] 01:29:29:093 Servidor/(32846:32846): Se rechazó un cliente!
[INFO] 01:30:25:836 Servidor/(33175:33175): Servidor listo para recibir al cliente
[INFO] 01:31:20:418 Servidor/(33479:33479): Servidor listo para recibir al cliente
[INFO] 01:31:25:338 Servidor/(33479:33479): Se rechazó un cliente!
[ERROR] 01:31:30:821 Servidor/(33479:33479): el cliente se desconecto. Terminando servidor
[INFO] 01:41:27:508 Servidor/(35179:35179): Servidor listo para recibir al cliente
[INFO] 01:42:46:379 Servidor/(35553:35553): Servidor listo para recibir al cliente
[INFO] 01:42:46:379 Servidor/(35553:35553): Se rechazó un cliente!
[ERROR] 01:42:46:379 Servidor/(35553:35553): el cliente se desconecto. Terminando servidor
[INFO] 01:44:47:284 Servidor/(35868:35868): Servidor listo para recibir al cliente
[INFO] 01:44:56:929 Servidor/(35868:35868): Se rechazó un cliente!
[INFO] 01:45:37:191 Servidor/(36106:36106): Servidor listo para recibir al cliente
[INFO] 01:46:10:622 Servidor/(36263:36263): Servidor listo para recibir al cliente
[INFO] 01:46:17:279 Servidor/(36263:36263): Se rechazó un cliente!
[INFO] 01:46:31:902 Servidor/(36437:36437): Servidor listo para recibir al cliente
[INFO] 01:49:31:437 Servidor/(37238:37238): Servidor listo para recibir al cliente
[INFO] 01:50:40:076 Servidor/(37669:37669): Servidor listo para recibir al cliente
[INFO] 01:51:41:377 Servidor/(37847:37847): Servidor listo para recibir al cliente
[INFO] 01:52:01:269 Servidor/(37966:37966): Servidor listo para recibir al cliente
[INFO] 01:52:29:513 Servidor/(38144:38144): Servidor listo para recibir al cliente
[INFO] 01:54:24:921 Servidor/(38707:38707): Servidor listo para recibir al cliente
[INFO] 01:55:28:299 Servidor/(39064:39064): Servidor listo para recibir al cliente
[INFO] 02:01:56:074 Servidor/(40221:40221): Servidor listo para recibir al cliente
[INFO] 02:03:02:529 Servidor/(40627:40627): Servidor listo para recibir al cliente
[INFO] 02:06:37:497 Servidor/(41423:41423): Servidor listo para recibir al cliente
[INFO] 02:06:56:123 Servidor/(41569:41569): Servidor listo para recibir al cliente
[INFO] 02:07:06:169 Servidor/(41671:41671): Servidor listo para recibir al cliente
[INFO] 02:07:54:644 Servidor/(41899:41899): Servidor listo para recibir al cliente
[INFO] 02:07:54:644 Servidor/(41899:41899): previo al accept
[INFO] 02:10:42:421 Servidor/(42586:42586): Servidor listo para recibir al cliente
[INFO] 02:10:42:421 Servidor/(42586:42586): previo al accept
[INFO] 02:12:48:878 Servidor/(43087:43087): socket_servidor valor es : 4
[INFO] 02:12:48:879 Servidor/(43087:43087): Servidor listo para recibir al cliente
[INFO] 02:12:48:879 Servidor/(43087:43087): previo al accept
[INFO] 02:16:02:715 Servidor/(43433:43433): socket_servidor valor es : 4
[INFO] 02:16:20:063 Servidor/(43433:43433): Servidor listo para recibir al cliente
[INFO] 02:16:22:257 Servidor/(43433:43433): previo al accept
[INFO] 14:18:50:946 Servidor/(2700:2700): socket_servidor valor es : 4
[INFO] 14:18:50:947 Servidor/(2700:2700): Servidor listo para recibir al cliente
[INFO] 14:18:50:947 Servidor/(2700:2700): previo al accept
[INFO] 14:19:22:745 Servidor/(2836:2836): socket_servidor valor es : 4
[INFO] 14:19:22:745 Servidor/(2836:2836): Servidor listo para recibir al cliente
[INFO] 14:22:35:501 Servidor/(2836:2836): previo al accept
[INFO] 14:28:28:185 Servidor/(4239:4239): socket_servidor valor es : 4
[INFO] 14:28:28:185 Servidor/(4239:4239): Servidor listo para recibir al cliente
[INFO] 14:28:28:185 Servidor/(4239:4239): previo al accept
[INFO] 14:28:32:475 Servidor/(4239:4239): Se hizo el accept
[INFO] 14:28:32:476 Servidor/(4239:4239): Se rechazó un cliente!
[INFO] 14:28:32:476 Servidor/(4239:4239): valor de cliente_fd: 5
[ERROR] 14:28:32:476 Servidor/(4239:4239): el cliente se desconecto. Terminando servidor
[INFO] 14:30:40:287 Servidor/(4569:4569): socket_servidor valor es : 4
[INFO] 14:30:40:287 Servidor/(4569:4569): Servidor listo para recibir al cliente
[INFO] 14:30:40:287 Servidor/(4569:4569): previo al accept
[INFO] 14:31:14:734 Servidor/(4569:4569): Se hizo el accept
[INFO] 14:31:23:647 Servidor/(4569:4569): Se rechazó un cliente!
[INFO] 14:31:23:647 Servidor/(4569:4569): valor de cliente_fd: 5
[WARNING] 14:31:26:558 Servidor/(4569:4569): Operacion desconocida. No quieras meter la pata
[WARNING] 14:31:34:542 Servidor/(4569:4569): Operacion desconocida. No quieras meter la pata
[WARNING] 14:31:36:332 Servidor/(4569:4569): Operacion desconocida. No quieras meter la pata
[ERROR] 14:31:36:332 Servidor/(4569:4569): el cliente se desconecto. Terminando servidor
[INFO] 14:32:49:550 Servidor/(4958:4958): socket_servidor valor es : 4
[INFO] 14:32:49:550 Servidor/(4958:4958): Servidor listo para recibir al cliente
[INFO] 14:32:49:550 Servidor/(4958:4958): previo al accept
[INFO] 14:32:55:322 Servidor/(4958:4958): Se hizo el accept
[INFO] 14:32:55:323 Servidor/(4958:4958): Se aceptó un cliente!
[INFO] 14:32:55:323 Servidor/(4958:4958): valor de cliente_fd: 5
[INFO] 14:32:55:323 Servidor/(4958:4958): Me llego el mensaje valor
[INFO] 14:32:57:929 Servidor/(4958:4958): Me llegaron los siguientes valores:

[ERROR] 14:32:57:929 Servidor/(4958:4958): el cliente se desconecto. Terminando servidor
[INFO] 16:17:13:973 Servidor/(137601:137601): socket_servidor valor es : 4
[INFO] 16:17:13:974 Servidor/(137601:137601): Servidor listo para recibir al cliente
[INFO] 16:17:13:974 Servidor/(137601:137601): previo al accept
[INFO] 16:17:23:818 Servidor/(137601:137601): Se hizo el accept
[INFO] 16:17:23:818 Servidor/(137601:137601): Se aceptó un cliente!
[INFO] 16:17:23:818 Servidor/(137601:137601): valor de cliente_fd: 5
[INFO] 16:17:23:819 Servidor/(137601:137601): Me llego el mensaje valor
[INFO] 16:17:27:062 Servidor/(137601:137601): Me llegaron los siguientes valores:

[ERROR] 16:17:27:062 Servidor/(137601:137601): el cliente se desconecto. Terminando servidor
[INFO] 16:17:52:255 Servidor/(137907:137907): socket_servidor valor es : 4
[INFO] 16:17:52:255 Servidor/(137907:137907): Servidor listo para recibir al cliente
[INFO] 16:17:52:255 Servidor/(137907:137907): previo al accept
[INFO] 16:17:58:901 Servidor/(137907:137907): Se hizo el accept
[INFO] 16:17:58:901 Servidor/(137907:137907): Se aceptó un cliente!
[INFO] 16:17:58:902 Servidor/(137907:137907): valor de cliente_fd: 5
[INFO] 16:17:58:902 Servidor/(137907:137907): Me llego el mensaje valor
[INFO] 16:18:02:394 Servidor/(137907:137907): Me llegaron los siguientes valores:

[INFO] 16:18:02:394 Servidor/(137907:137907): messi
[ERROR] 16:18:02:394 Servidor/(137907:137907): el cliente se desconecto. Terminando servidor
